This is pdfTeX, Version 3.141592653-2.6-1.40.22 (MiKTeX 21.6) (preloaded format=pdflatex 2021.7.30)  12 AUG 2021 19:35
entering extended mode
**c:/Users/HP/OneDrive/Escritorio/LaTex/Manual_de_usuario_audifonos_VJ087.tex
(c:/Users/HP/OneDrive/Escritorio/LaTex/Manual_de_usuario_audifonos_VJ087.tex
LaTeX2e <2021-06-01>
L3 programming layer <2021-06-01> (C:\Program Files\MiKTeX\tex/latex/base\article.cls
Document Class: article 2021/02/12 v1.4n Standard LaTeX document class
(C:\Program Files\MiKTeX\tex/latex/base\size12.clo
File: size12.clo 2021/02/12 v1.4n Standard LaTeX file (size option)
)
\c@part=\count182
\c@section=\count183
\c@subsection=\count184
\c@subsubsection=\count185
\c@paragraph=\count186
\c@subparagraph=\count187
\c@figure=\count188
\c@table=\count189
\abovecaptionskip=\skip47
\belowcaptionskip=\skip48
\bibindent=\dimen138
) (C:\Program Files\MiKTeX\tex/generic/babel\babel.sty
Package: babel 2021/06/02 3.60 The Babel package
 (C:\Program Files\MiKTeX\tex/generic/babel\babel.def
File: babel.def 2021/06/02 3.60 Babel common definitions
\babel@savecnt=\count190
\U@D=\dimen139
\l@unhyphenated=\language79
 (C:\Program Files\MiKTeX\tex/generic/babel\txtbabel.def)
\bbl@readstream=\read2
)
\bbl@dirlevel=\count191

*************************************
* Local config file bblopts.cfg used
*
(C:\Program Files\MiKTeX\tex/latex/arabi\bblopts.cfg
File: bblopts.cfg 2005/09/08 v0.1 add Arabic and Farsi to "declared" options of babel
) (C:\Users\HP\AppData\Roaming\MiKTeX\tex/latex/babel-spanish\spanish.ldf
Language: spanish.ldf 2021/05/27 v5.0q Spanish support from the babel system
\es@quottoks=\toks16
\es@quotdepth=\count192
Package babel Info: Making " an active character on input line 570.
Package babel Info: Making . an active character on input line 675.
Package babel Info: Making < an active character on input line 722.
Package babel Info: Making > an active character on input line 722.
)) (C:\Program Files\MiKTeX\tex/latex/l3backend\l3backend-pdftex.def
File: l3backend-pdftex.def 2021-05-07 L3 backend support: PDF output (pdfTeX)
\l__color_backend_stack_int=\count193
\l__pdf_internal_box=\box50
) (c:\Users\HP\OneDrive\Escritorio\LaTex\build\Manual_de_usuario_audifonos_VJ087.aux)
\openout1 = `Manual_de_usuario_audifonos_VJ087.aux'.

LaTeX Font Info:    Checking defaults for OML/cmm/m/it on input line 9.
LaTeX Font Info:    ... okay on input line 9.
LaTeX Font Info:    Checking defaults for OMS/cmsy/m/n on input line 9.
LaTeX Font Info:    ... okay on input line 9.
LaTeX Font Info:    Checking defaults for OT1/cmr/m/n on input line 9.
LaTeX Font Info:    ... okay on input line 9.
LaTeX Font Info:    Checking defaults for T1/cmr/m/n on input line 9.
LaTeX Font Info:    ... okay on input line 9.
LaTeX Font Info:    Checking defaults for TS1/cmr/m/n on input line 9.
LaTeX Font Info:    ... okay on input line 9.
LaTeX Font Info:    Checking defaults for OMX/cmex/m/n on input line 9.
LaTeX Font Info:    ... okay on input line 9.
LaTeX Font Info:    Checking defaults for U/cmr/m/n on input line 9.
LaTeX Font Info:    ... okay on input line 9.
LaTeX Info: Redefining \. on input line 9.
LaTeX Info: Redefining \% on input line 9.
LaTeX Font Info:    External font `cmex10' loaded for size
(Font)              <14.4> on input line 11.
LaTeX Font Info:    External font `cmex10' loaded for size
(Font)              <7> on input line 11.

Overfull \hbox (8.48677pt too wide) in paragraph at lines 11--11
 [][] 
 []

[1

{C:/Users/HP/AppData/Local/MiKTeX/pdftex/config/pdftex.map}]
No file Manual_de_usuario_audifonos_VJ087.toc.
\tf@toc=\write3
\openout3 = `Manual_de_usuario_audifonos_VJ087.toc'.

c:/Users/HP/OneDrive/Escritorio/LaTex/Manual_de_usuario_audifonos_VJ087.tex:27: Missing $ inserted.
<inserted text> 
                $
l.27 ...   \subsection{1) \triangleright\parallel}
                                                  
I've inserted a begin-math/end-math symbol since I think
you left one out. Proceed, with fingers crossed.

c:/Users/HP/OneDrive/Escritorio/LaTex/Manual_de_usuario_audifonos_VJ087.tex:27: Missing $ inserted.
<inserted text> 
                $
l.27 ...   \subsection{1) \triangleright\parallel}
                                                  
I've inserted a begin-math/end-math symbol since I think
you left one out. Proceed, with fingers crossed.

c:/Users/HP/OneDrive/Escritorio/LaTex/Manual_de_usuario_audifonos_VJ087.tex:28: Missing $ inserted.
<inserted text> 
                $
l.28 ...tion{2) \triangleright \triangleright\mid}
                                                  
I've inserted a begin-math/end-math symbol since I think
you left one out. Proceed, with fingers crossed.

c:/Users/HP/OneDrive/Escritorio/LaTex/Manual_de_usuario_audifonos_VJ087.tex:28: Missing $ inserted.
<inserted text> 
                $
l.28 ...tion{2) \triangleright \triangleright\mid}
                                                  
I've inserted a begin-math/end-math symbol since I think
you left one out. Proceed, with fingers crossed.

c:/Users/HP/OneDrive/Escritorio/LaTex/Manual_de_usuario_audifonos_VJ087.tex:29: Missing $ inserted.
<inserted text> 
                $
l.29 ...ection{3) \mid\triangleleft \triangleleft}
                                                  
I've inserted a begin-math/end-math symbol since I think
you left one out. Proceed, with fingers crossed.

c:/Users/HP/OneDrive/Escritorio/LaTex/Manual_de_usuario_audifonos_VJ087.tex:29: Missing $ inserted.
<inserted text> 
                $
l.29 ...ection{3) \mid\triangleleft \triangleleft}
                                                  
I've inserted a begin-math/end-math symbol since I think
you left one out. Proceed, with fingers crossed.

c:/Users/HP/OneDrive/Escritorio/LaTex/Manual_de_usuario_audifonos_VJ087.tex:36: Undefined control sequence.
l.36           \Section
                       
The control sequence at the end of the top line
of your error message was never \def'ed. If you have
misspelled it (e.g., `\hobx'), type `I' and the correct
spelling (e.g., `I\hbox'). Otherwise just continue,
and I'll forget about whatever was undefined.

[1]
Overfull \vbox (28.65004pt too high) has occurred while \output is active []

 [2] (c:\Users\HP\OneDrive\Escritorio\LaTex\build\Manual_de_usuario_audifonos_VJ087.aux
LaTeX Info: Redefining \. on input line 8.
LaTeX Info: Redefining \% on input line 8.
) ) 
Here is how much of TeX's memory you used:
 1591 strings out of 478864
 24365 string characters out of 2858526
 340461 words of memory out of 3000000
 19569 multiletter control sequences out of 15000+600000
 405853 words of font info for 35 fonts, out of 8000000 for 9000
 1141 hyphenation exceptions out of 8191
 40i,7n,52p,249b,361s stack positions out of 5000i,500n,10000p,200000b,80000s
<C:/Program Files/MiKTeX/fonts/type1/public/amsfonts/cm/cmbx12.pfb><C:/Program Files/MiKTeX/fonts/type1/public/amsfonts/cm/cmmi12.pfb><C:/Program Files/MiKTeX/fonts/type1/public/amsfonts/cm/cmr12.pfb><C:/Program Files/MiKTeX/fonts/type1/public/amsfonts/cm/cmr17.pfb><C:/Program Files/MiKTeX/fonts/type1/public/amsfonts/cm/cmsy10.pfb>
Output written on c:\Users\HP\OneDrive\Escritorio\LaTex\build\Manual_de_usuario_audifonos_VJ087.pdf (3 pages, 61363 bytes).
PDF statistics:
 37 PDF objects out of 1000 (max. 8388607)
 0 named destinations out of 1000 (max. 500000)
 1 words of extra memory for PDF output out of 10000 (max. 10000000)

